01,AA,Alcoa Inc.
02,AXP,American Express Co.
03,BA,Boeing Co.
04,BAC,Bank of America Corp.
05,C,Citigroup Inc.
06,CAT,Caterpillar Inc.
07,CVX,Chevron Corp.
08,DD,E.I. du Pont de Nemours and Company
09,DIS,The Walt Disney Co.
10,GE,General Electric Co.
11,GM,General Motors Corp.
12,HD,The Home Depot Inc.
13,HPQ,Hewlett-Packard Co.
14,IBM,International Business Machines Corp.
15,INTC,Intel Corp.
16,JNJ,Johnson & Johnson Inc.
17,JPM,JPMorgan Chase and Co.
18,KFT,Kraft Foods Inc.
19,KO,The Coca-Cola Co.
20,MCD,McDonald's Corp.
21,MMM,3M Company
22,MRK,Merck & Co.
23,MSFT,Microsoft Corp.
24,PFE,Pfizer Inc.
25,PG,Procter & Gamble Co.
26,T,AT&T Inc.
27,UTX,United Technologies Corp.
28,VZ,Verizon Communications Inc.
29,WMT,Wal-Mart Stores Inc.
30,XOM,Exxon Mobil Corp.
